<?xml version="1.0" encoding="UTF-8"?>
<!-- Generated by org.testng.reporters.JUnitXMLReporter -->
<testsuite hostname="PRO-RAET-AVINASH" ignored="0" name="Different testng features test" tests="5" failures="1" timestamp="11 Oct 2018 06:44:10 GMT" time="0.047" errors="0">
  <testcase name="test1" time="0.016" classname="com.test.ExceptionTimeOutTest">
    <failure type="org.testng.TestException" message="
Method ExceptionTimeOutTest.test1()[pri:0, instance:com.test.ExceptionTimeOutTest@55d56113] should have thrown an exception of type class java.lang.NumberFormatException">
      <![CDATA[org.testng.TestException: 
Method ExceptionTimeOutTest.test1()[pri:0, instance:com.test.ExceptionTimeOutTest@55d56113] should have thrown an exception of type class java.lang.NumberFormatException
... Removed 22 stack frames]]>
    </failure>
  </testcase> <!-- test1 -->
  <testcase name="LoginTest" time="0.0" classname="com.test.TestNgFeatures"/>
  <testcase name="SearchTest" time="0.0" classname="com.test.TestNgFeatures"/>
  <testcase name="HomepageTest" time="0.0" classname="com.test.TestNgFeatures"/>
  <testcase name="yahooLoginTest" time="0.0" classname="com.test.ParameterAnnotationTest"/>
</testsuite> <!-- Different testng features test -->
