<?xml version="1.0" encoding="UTF-8"?>
<!-- Generated by org.testng.reporters.JUnitXMLReporter -->
<testsuite ignored="0" hostname="PRO-RAET-AVINASH" failures="0" tests="5" name="Different testng features test" time="8.814" errors="0" timestamp="28 Sep 2018 10:33:02 GMT">
  <testcase classname="com.test.ExceptionTimeOutTest" name="test1" time="0.008"/>
  <testcase classname="com.test.TestNgFeatures" name="LoginTest" time="0.002"/>
  <testcase classname="com.test.TestNgFeatures" name="SearchTest" time="0.001"/>
  <testcase classname="com.test.TestNgFeatures" name="HomepageTest" time="0.001"/>
  <testcase classname="com.test.ParameterAnnotationTest" name="yahooLoginTest" time="8.774"/>
</testsuite> <!-- Different testng features test -->
