<?xml version="1.0" encoding="UTF-8"?>
<!-- Generated by org.testng.reporters.JUnitXMLReporter -->
<testsuite ignored="0" hostname="PRO-RAET-AVINASH" failures="0" tests="4" name="Default test" time="47.548" errors="0" timestamp="04 Oct 2018 13:51:10 GMT">
  <testcase classname="com.test.HalfEbdayTest" name="halfEbayRegPageTest" time="2.431"/>
  <testcase classname="com.test.HalfEbdayTest" name="halfEbayRegPageTest" time="5.775"/>
  <testcase classname="com.test.HalfEbdayTest" name="halfEbayRegPageTest" time="2.608"/>
  <testcase classname="com.test.HalfEbdayTest" name="halfEbayRegPageTest" time="2.528"/>
</testsuite> <!-- Default test -->
